app/build/intermediates/manifest_merge_blame_file/debug/manifest-merger-blame-debug-report.txt
1<?xml version="1.0" encoding="utf-8"?>
2<manifest xmlns:android="http://schemas.android.com/apk/res/android"
3    package="com.example.server_test"
4    android:versionCode="1"
5    android:versionName="1.0" >
6
7    <uses-sdk
8        android:minSdkVersion="24"
8-->src\main\AndroidManifest.xml
9        android:targetSdkVersion="30" />
9-->src\main\AndroidManifest.xml
10
11    <uses-permission android:name="android.permission.INTERNET" />
11-->src\main\AndroidManifest.xml:4:5-67
11-->src\main\AndroidManifest.xml:4:22-64
12    <uses-permission android:name="android.permission.CAMERA" />
12-->src\main\AndroidManifest.xml:5:5-65
12-->src\main\AndroidManifest.xml:5:22-62
13    <uses-permission android:name="android.permission.READ_EXTERNAL_STORAGE" />
13-->src\main\AndroidManifest.xml:6:5-79
13-->src\main\AndroidManifest.xml:6:22-77
14    <uses-permission android:name="android.permission.WRITE_EXTERNAL_STORAGE" />
14-->src\main\AndroidManifest.xml:7:5-81
14-->src\main\AndroidManifest.xml:7:22-78
15
16    <application
16-->src\main\AndroidManifest.xml:9:5-29:19
17        android:allowBackup="true"
17-->src\main\AndroidManifest.xml:10:9-35
18        android:appComponentFactory="androidx.core.app.CoreComponentFactory"
18-->[androidx.core:core:1.5.0] AndroidManifest.xml:24:18-86
19        android:debuggable="true"
20        android:extractNativeLibs="false"
21        android:icon="@mipmap/ic_launcher"
21-->src\main\AndroidManifest.xml:11:9-43
22        android:label="홀덤매니저"
22-->src\main\AndroidManifest.xml:12:9-30
23        android:roundIcon="@mipmap/ic_launcher_round"
23-->src\main\AndroidManifest.xml:13:9-54
24        android:supportsRtl="true"
24-->src\main\AndroidManifest.xml:14:9-35
25        android:testOnly="true"
26        android:theme="@style/Theme.Server_test"
26-->src\main\AndroidManifest.xml:15:9-49
27        android:usesCleartextTraffic="true" >
27-->src\main\AndroidManifest.xml:16:9-44
28        <activity
28-->src\main\AndroidManifest.xml:17:9-19:39
29            android:name="com.example.server_test.StartActivity"
29-->src\main\AndroidManifest.xml:18:13-42
30            android:exported="true" />
30-->src\main\AndroidManifest.xml:19:13-36
31        <activity android:name="com.example.server_test.MainActivity" >
31-->src\main\AndroidManifest.xml:20:9-26:20
31-->src\main\AndroidManifest.xml:20:19-47
32            <intent-filter>
32-->src\main\AndroidManifest.xml:21:13-25:29
33                <action android:name="android.intent.action.MAIN" />
33-->src\main\AndroidManifest.xml:22:17-69
33-->src\main\AndroidManifest.xml:22:25-66
34
35                <category android:name="android.intent.category.LAUNCHER" />
35-->src\main\AndroidManifest.xml:24:17-77
35-->src\main\AndroidManifest.xml:24:27-74
36            </intent-filter>
37        </activity>
38        <activity android:name="com.example.server_test.competition.CompetitionActivity" />
38-->src\main\AndroidManifest.xml:27:9-68
38-->src\main\AndroidManifest.xml:27:19-66
39        <activity android:name="com.example.server_test.pub.PubActivity" />
39-->src\main\AndroidManifest.xml:28:9-52
39-->src\main\AndroidManifest.xml:28:19-50
40        <activity
40-->[gun0912.ted:tedpermission:2.1.0] AndroidManifest.xml:10:9-14:67
41            android:name="com.gun0912.tedpermission.TedPermissionActivity"
41-->[gun0912.ted:tedpermission:2.1.0] AndroidManifest.xml:11:13-75
42            android:configChanges="mcc|mnc|locale|keyboard|keyboardHidden|screenLayout|fontScale|uiMode|orientation|screenSize|layoutDirection"
42-->[gun0912.ted:tedpermission:2.1.0] AndroidManifest.xml:12:13-144
43            android:screenOrientation="portrait"
43-->[gun0912.ted:tedpermission:2.1.0] AndroidManifest.xml:13:13-49
44            android:theme="@style/Theme.Transparent.Permission" />
44-->[gun0912.ted:tedpermission:2.1.0] AndroidManifest.xml:14:13-64
45    </application>
46
47</manifest>